0 silly argv {
0 silly argv   _: [ 'run' ],
0 silly argv   scope: 'client',
0 silly argv   lernaVersion: '5.6.2',
0 silly argv   '$0': '/Users/valentin/Desktop/github/fancyCoders/node_modules/.bin/lerna',
0 silly argv   script: 'dev'
0 silly argv }
1 notice cli v5.6.2
2 verbose rootPath /Users/valentin/Desktop/github/fancyCoders
3 error JSONError: Unexpected token "<" (0x3C) in JSON at position 470 while parsing near "...ct-dom\": \"^18.2.0\",\n<<<<<<< HEAD\n    \"re..." in packages/client/package.json
3 error
3 error [0m [90m 19 |[39m     [32m"react"[39m[33m:[39m [32m"^18.2.0"[39m[33m,[39m[0m
3 error [0m [90m 20 |[39m     [32m"react-dom"[39m[33m:[39m [32m"^18.2.0"[39m[33m,[39m[0m
3 error [0m[31m[1m>[22m[39m[90m 21 |[39m [33m<<[39m[33m<<[39m[33m<<[39m[33m<[39m [33mHEAD[39m[0m
3 error [0m [90m    |[39m [31m[1m^[22m[39m[0m
3 error [0m [90m 22 |[39m     [32m"react-hook-form"[39m[33m:[39m [32m"7.43.2"[39m[33m,[39m[0m
3 error [0m [90m 23 |[39m     [32m"react-redux"[39m[33m:[39m [32m"8.0.5"[39m[33m,[39m[0m
3 error [0m [90m 24 |[39m     [32m"react-router-dom"[39m[33m:[39m [32m"6.8.1"[39m[33m,[39m[0m
3 error
3 error     at parseJson (/Users/valentin/Desktop/github/fancyCoders/node_modules/parse-json/index.js:29:21)
3 error     at parse (/Users/valentin/Desktop/github/fancyCoders/node_modules/load-json-file/index.js:15:9)
3 error     at module.exports (/Users/valentin/Desktop/github/fancyCoders/node_modules/load-json-file/index.js:18:47)
